[30-May-2024 21:46:32 UTC] WordPress database error Table 'wp_actionscheduler_actions' already exists for query CREATE TABLE wp_actionscheduler_actions (
				        action_id bigint(20) unsigned NOT NULL auto_increment,
				        hook varchar(191) NOT NULL,
				        status varchar(20) NOT NULL,
				        scheduled_date_gmt datetime NULL default '0000-00-00 00:00:00',
				        scheduled_date_local datetime NULL default '0000-00-00 00:00:00',
				        priority tinyint unsigned NOT NULL default '10',
				        args varchar(191),
				        schedule longtext,
				        group_id bigint(20) unsigned NOT NULL default '0',
				        attempts int(11) NOT NULL default '0',
				        last_attempt_gmt datetime NULL default '0000-00-00 00:00:00',
				        last_attempt_local datetime NULL default '0000-00-00 00:00:00',
				        claim_id bigint(20) unsigned NOT NULL default '0',
				        extended_args varchar(8000) DEFAULT NULL,
				        PRIMARY KEY  (action_id),
				        KEY hook_status_scheduled_date_gmt (hook(163), status, scheduled_date_gmt),
				        KEY status_scheduled_date_gmt (status, scheduled_date_gmt),
				        KEY scheduled_date_gmt (scheduled_date_gmt),
				        KEY args (args(191)),
				        KEY group_id (group_id),
				        KEY last_attempt_gmt (last_attempt_gmt),
				        KEY `claim_id_status_scheduled_date_gmt` (`claim_id`, `status`, `scheduled_date_gmt`)
				        ) DEFAULT CHARACTER SET utf8mb4 COLLATE utf8mb4_unicode_520_ci made by do_action('wp_ajax_owp_ajax_required_plugins_activate'), WP_Hook->do_action, WP_Hook->apply_filters, OceanWP_Demos->ajax_required_plugins_activate, activate_plugin, plugin_sandbox_scrape, include_once('/plugins/wpforms-lite/wpforms.php'), wpforms, WPForms\WPForms::instance, WPForms\WPForms->includes, WPForms\WPForms->includes_magic, require_once('/plugins/wpforms-lite/vendor/woocommerce/action-scheduler/action-scheduler.php'), action_scheduler_initialize_3_dot_7_dot_2, ActionScheduler::init, ActionScheduler_HybridStore->init, ActionScheduler_DBStore->init, ActionScheduler_Abstract_Schema->register_tables, ActionScheduler_Abstract_Schema->update_table, dbDelta
[30-May-2024 21:46:32 UTC] WordPress database error Duplicate entry '17' for key 'PRIMARY' for query INSERT INTO `wp_actionscheduler_actions` (`action_id`, `hook`, `status`, `scheduled_date_gmt`, `scheduled_date_local`, `last_attempt_gmt`, `last_attempt_local`) VALUES ('17', '', '', '2024-05-31 00:00:00', '2024-05-31 00:00:00', '2024-05-31 00:00:00', '2024-05-31 00:00:00') made by do_action('wp_ajax_owp_ajax_required_plugins_activate'), WP_Hook->do_action, WP_Hook->apply_filters, OceanWP_Demos->ajax_required_plugins_activate, activate_plugin, plugin_sandbox_scrape, include_once('/plugins/wpforms-lite/wpforms.php'), wpforms, WPForms\WPForms::instance, WPForms\WPForms->includes, WPForms\WPForms->includes_magic, require_once('/plugins/wpforms-lite/vendor/woocommerce/action-scheduler/action-scheduler.php'), action_scheduler_initialize_3_dot_7_dot_2, ActionScheduler::init, ActionScheduler_HybridStore->init, ActionScheduler_DBStore->init, ActionScheduler_Abstract_Schema->register_tables, ActionScheduler_Abstract_Schema->update_table, do_action('action_scheduler/created_table'), WP_Hook->do_action, WP_Hook->apply_filters, ActionScheduler_HybridStore->set_autoincrement
[30-May-2024 21:46:32 UTC] WordPress database error Duplicate entry 'action_scheduler_lock_async-request-runner' for key 'option_name' for query INSERT INTO `wp_options` (`option_name`, `option_value`, `autoload`) VALUES ('action_scheduler_lock_async-request-runner', '6658f3b874ffe8.90025999|1717105652', 'no') made by shutdown_action_hook, do_action('shutdown'), WP_Hook->do_action, WP_Hook->apply_filters, ActionScheduler_QueueRunner->maybe_dispatch_async_request, ActionScheduler_OptionLock->set
[30-May-2024 22:11:21 UTC] [Image Optimizer]: info in ImageOptimization\Modules\Oauth\Components\Connect::get_connect_status(): Status getting error. Reason: User is not connected
[30-May-2024 22:11:26 UTC] [Image Optimizer]: info in ImageOptimization\Modules\Oauth\Components\Connect::get_connect_status(): Status getting error. Reason: User is not connected
[30-May-2024 22:11:36 UTC] [Image Optimizer]: info in ImageOptimization\Modules\Oauth\Components\Connect::get_connect_status(): Status getting error. Reason: User is not connected
[30-May-2024 22:11:56 UTC] [Image Optimizer]: info in ImageOptimization\Modules\Oauth\Components\Connect::get_connect_status(): Status getting error. Reason: User is not connected
[30-May-2024 23:44:37 UTC] [Image Optimizer]: info in ImageOptimization\Modules\Oauth\Components\Connect::get_connect_status(): Status getting error. Reason: User is not connected
[30-May-2024 23:44:42 UTC] [Image Optimizer]: info in ImageOptimization\Modules\Oauth\Components\Connect::get_connect_status(): Status getting error. Reason: User is not connected
[30-May-2024 23:44:47 UTC] [Image Optimizer]: info in ImageOptimization\Modules\Oauth\Components\Connect::get_connect_status(): Status getting error. Reason: User is not connected
[30-May-2024 23:44:52 UTC] [Image Optimizer]: info in ImageOptimization\Modules\Oauth\Components\Connect::get_connect_status(): Status getting error. Reason: User is not connected
[30-May-2024 23:44:57 UTC] [Image Optimizer]: info in ImageOptimization\Modules\Oauth\Components\Connect::get_connect_status(): Status getting error. Reason: User is not connected
[30-May-2024 23:45:02 UTC] [Image Optimizer]: info in ImageOptimization\Modules\Oauth\Components\Connect::get_connect_status(): Status getting error. Reason: User is not connected
[30-May-2024 23:45:07 UTC] [Image Optimizer]: info in ImageOptimization\Modules\Oauth\Components\Connect::get_connect_status(): Status getting error. Reason: User is not connected
[30-May-2024 23:45:12 UTC] [Image Optimizer]: info in ImageOptimization\Modules\Oauth\Components\Connect::get_connect_status(): Status getting error. Reason: User is not connected
[30-May-2024 23:45:17 UTC] [Image Optimizer]: info in ImageOptimization\Modules\Oauth\Components\Connect::get_connect_status(): Status getting error. Reason: User is not connected
[30-May-2024 23:45:22 UTC] [Image Optimizer]: info in ImageOptimization\Modules\Oauth\Components\Connect::get_connect_status(): Status getting error. Reason: User is not connected
[30-May-2024 23:45:27 UTC] [Image Optimizer]: info in ImageOptimization\Modules\Oauth\Components\Connect::get_connect_status(): Status getting error. Reason: User is not connected
[30-May-2024 23:45:32 UTC] [Image Optimizer]: info in ImageOptimization\Modules\Oauth\Components\Connect::get_connect_status(): Status getting error. Reason: User is not connected
[30-May-2024 23:45:37 UTC] [Image Optimizer]: info in ImageOptimization\Modules\Oauth\Components\Connect::get_connect_status(): Status getting error. Reason: User is not connected
[30-May-2024 23:45:42 UTC] [Image Optimizer]: info in ImageOptimization\Modules\Oauth\Components\Connect::get_connect_status(): Status getting error. Reason: User is not connected
[30-May-2024 23:45:47 UTC] [Image Optimizer]: info in ImageOptimization\Modules\Oauth\Components\Connect::get_connect_status(): Status getting error. Reason: User is not connected
[30-May-2024 23:45:52 UTC] [Image Optimizer]: info in ImageOptimization\Modules\Oauth\Components\Connect::get_connect_status(): Status getting error. Reason: User is not connected
[30-May-2024 23:45:57 UTC] [Image Optimizer]: info in ImageOptimization\Modules\Oauth\Components\Connect::get_connect_status(): Status getting error. Reason: User is not connected
[30-May-2024 23:46:02 UTC] [Image Optimizer]: info in ImageOptimization\Modules\Oauth\Components\Connect::get_connect_status(): Status getting error. Reason: User is not connected
[30-May-2024 23:46:07 UTC] [Image Optimizer]: info in ImageOptimization\Modules\Oauth\Components\Connect::get_connect_status(): Status getting error. Reason: User is not connected
[30-May-2024 23:46:12 UTC] [Image Optimizer]: info in ImageOptimization\Modules\Oauth\Components\Connect::get_connect_status(): Status getting error. Reason: User is not connected
[30-May-2024 23:46:17 UTC] [Image Optimizer]: info in ImageOptimization\Modules\Oauth\Components\Connect::get_connect_status(): Status getting error. Reason: User is not connected
[30-May-2024 23:46:22 UTC] [Image Optimizer]: info in ImageOptimization\Modules\Oauth\Components\Connect::get_connect_status(): Status getting error. Reason: User is not connected
[30-May-2024 23:46:27 UTC] [Image Optimizer]: info in ImageOptimization\Modules\Oauth\Components\Connect::get_connect_status(): Status getting error. Reason: User is not connected
[30-May-2024 23:46:32 UTC] [Image Optimizer]: info in ImageOptimization\Modules\Oauth\Components\Connect::get_connect_status(): Status getting error. Reason: User is not connected
[30-May-2024 23:46:37 UTC] [Image Optimizer]: info in ImageOptimization\Modules\Oauth\Components\Connect::get_connect_status(): Status getting error. Reason: User is not connected
[30-May-2024 23:46:42 UTC] [Image Optimizer]: info in ImageOptimization\Modules\Oauth\Components\Connect::get_connect_status(): Status getting error. Reason: User is not connected
[30-May-2024 23:46:47 UTC] [Image Optimizer]: info in ImageOptimization\Modules\Oauth\Components\Connect::get_connect_status(): Status getting error. Reason: User is not connected
[30-May-2024 23:46:52 UTC] [Image Optimizer]: info in ImageOptimization\Modules\Oauth\Components\Connect::get_connect_status(): Status getting error. Reason: User is not connected
[30-May-2024 23:46:57 UTC] [Image Optimizer]: info in ImageOptimization\Modules\Oauth\Components\Connect::get_connect_status(): Status getting error. Reason: User is not connected
[30-May-2024 23:47:02 UTC] [Image Optimizer]: info in ImageOptimization\Modules\Oauth\Components\Connect::get_connect_status(): Status getting error. Reason: User is not connected
[30-May-2024 23:47:07 UTC] [Image Optimizer]: info in ImageOptimization\Modules\Oauth\Components\Connect::get_connect_status(): Status getting error. Reason: User is not connected
[30-May-2024 23:47:12 UTC] [Image Optimizer]: info in ImageOptimization\Modules\Oauth\Components\Connect::get_connect_status(): Status getting error. Reason: User is not connected
[30-May-2024 23:47:17 UTC] [Image Optimizer]: info in ImageOptimization\Modules\Oauth\Components\Connect::get_connect_status(): Status getting error. Reason: User is not connected
[30-May-2024 23:47:22 UTC] [Image Optimizer]: info in ImageOptimization\Modules\Oauth\Components\Connect::get_connect_status(): Status getting error. Reason: User is not connected
[30-May-2024 23:47:27 UTC] [Image Optimizer]: info in ImageOptimization\Modules\Oauth\Components\Connect::get_connect_status(): Status getting error. Reason: User is not connected
[30-May-2024 23:47:32 UTC] [Image Optimizer]: info in ImageOptimization\Modules\Oauth\Components\Connect::get_connect_status(): Status getting error. Reason: User is not connected
[30-May-2024 23:47:37 UTC] [Image Optimizer]: info in ImageOptimization\Modules\Oauth\Components\Connect::get_connect_status(): Status getting error. Reason: User is not connected
[30-May-2024 23:47:42 UTC] [Image Optimizer]: info in ImageOptimization\Modules\Oauth\Components\Connect::get_connect_status(): Status getting error. Reason: User is not connected
[30-May-2024 23:47:47 UTC] [Image Optimizer]: info in ImageOptimization\Modules\Oauth\Components\Connect::get_connect_status(): Status getting error. Reason: User is not connected
[30-May-2024 23:47:52 UTC] [Image Optimizer]: info in ImageOptimization\Modules\Oauth\Components\Connect::get_connect_status(): Status getting error. Reason: User is not connected
[30-May-2024 23:47:57 UTC] [Image Optimizer]: info in ImageOptimization\Modules\Oauth\Components\Connect::get_connect_status(): Status getting error. Reason: User is not connected
[30-May-2024 23:48:02 UTC] [Image Optimizer]: info in ImageOptimization\Modules\Oauth\Components\Connect::get_connect_status(): Status getting error. Reason: User is not connected
[30-May-2024 23:48:07 UTC] [Image Optimizer]: info in ImageOptimization\Modules\Oauth\Components\Connect::get_connect_status(): Status getting error. Reason: User is not connected
[30-May-2024 23:48:14 UTC] [Image Optimizer]: info in ImageOptimization\Modules\Oauth\Components\Connect::get_connect_status(): Status getting error. Reason: User is not connected
[30-May-2024 23:48:20 UTC] [Image Optimizer]: info in ImageOptimization\Modules\Oauth\Components\Connect::get_connect_status(): Status getting error. Reason: User is not connected
[30-May-2024 23:48:22 UTC] [Image Optimizer]: info in ImageOptimization\Modules\Oauth\Components\Connect::get_connect_status(): Status getting error. Reason: User is not connected
[30-May-2024 23:48:39 UTC] [Image Optimizer]: info in ImageOptimization\Modules\Oauth\Components\Connect::get_connect_status(): Status getting error. Reason: User is not connected
[30-May-2024 23:48:56 UTC] [Image Optimizer]: info in ImageOptimization\Modules\Oauth\Components\Connect::get_connect_status(): Status getting error. Reason: User is not connected
[30-May-2024 23:48:57 UTC] [Image Optimizer]: info in ImageOptimization\Modules\Oauth\Components\Connect::get_connect_status(): Status getting error. Reason: User is not connected
[30-May-2024 23:49:02 UTC] [Image Optimizer]: info in ImageOptimization\Modules\Oauth\Components\Connect::get_connect_status(): Status getting error. Reason: User is not connected
[30-May-2024 23:49:07 UTC] [Image Optimizer]: info in ImageOptimization\Modules\Oauth\Components\Connect::get_connect_status(): Status getting error. Reason: User is not connected
[30-May-2024 23:49:15 UTC] [Image Optimizer]: info in ImageOptimization\Modules\Oauth\Components\Connect::get_connect_status(): Status getting error. Reason: User is not connected
[30-May-2024 23:49:17 UTC] [Image Optimizer]: info in ImageOptimization\Modules\Oauth\Components\Connect::get_connect_status(): Status getting error. Reason: User is not connected
[30-May-2024 23:49:22 UTC] [Image Optimizer]: info in ImageOptimization\Modules\Oauth\Components\Connect::get_connect_status(): Status getting error. Reason: User is not connected
[30-May-2024 23:49:29 UTC] [Image Optimizer]: info in ImageOptimization\Modules\Oauth\Components\Connect::get_connect_status(): Status getting error. Reason: User is not connected
[30-May-2024 23:49:32 UTC] [Image Optimizer]: info in ImageOptimization\Modules\Oauth\Components\Connect::get_connect_status(): Status getting error. Reason: User is not connected
[30-May-2024 23:49:37 UTC] [Image Optimizer]: info in ImageOptimization\Modules\Oauth\Components\Connect::get_connect_status(): Status getting error. Reason: User is not connected
[30-May-2024 23:49:42 UTC] [Image Optimizer]: info in ImageOptimization\Modules\Oauth\Components\Connect::get_connect_status(): Status getting error. Reason: User is not connected
[30-May-2024 23:49:47 UTC] [Image Optimizer]: info in ImageOptimization\Modules\Oauth\Components\Connect::get_connect_status(): Status getting error. Reason: User is not connected
[30-May-2024 23:49:52 UTC] [Image Optimizer]: info in ImageOptimization\Modules\Oauth\Components\Connect::get_connect_status(): Status getting error. Reason: User is not connected
[30-May-2024 23:49:57 UTC] [Image Optimizer]: info in ImageOptimization\Modules\Oauth\Components\Connect::get_connect_status(): Status getting error. Reason: User is not connected
[30-May-2024 23:50:02 UTC] [Image Optimizer]: info in ImageOptimization\Modules\Oauth\Components\Connect::get_connect_status(): Status getting error. Reason: User is not connected
[30-May-2024 23:50:07 UTC] [Image Optimizer]: info in ImageOptimization\Modules\Oauth\Components\Connect::get_connect_status(): Status getting error. Reason: User is not connected
[30-May-2024 23:50:12 UTC] [Image Optimizer]: info in ImageOptimization\Modules\Oauth\Components\Connect::get_connect_status(): Status getting error. Reason: User is not connected
[30-May-2024 23:50:18 UTC] [Image Optimizer]: info in ImageOptimization\Modules\Oauth\Components\Connect::get_connect_status(): Status getting error. Reason: User is not connected
[30-May-2024 23:50:22 UTC] [Image Optimizer]: info in ImageOptimization\Modules\Oauth\Components\Connect::get_connect_status(): Status getting error. Reason: User is not connected
[30-May-2024 23:50:27 UTC] [Image Optimizer]: info in ImageOptimization\Modules\Oauth\Components\Connect::get_connect_status(): Status getting error. Reason: User is not connected
[31-May-2024 08:21:09 UTC] [Image Optimizer]: info in ImageOptimization\Modules\Oauth\Components\Connect::get_connect_status(): Status getting error. Reason: User is not connected
[31-May-2024 09:08:45 UTC] [Image Optimizer]: info in ImageOptimization\Modules\Oauth\Components\Connect::get_connect_status(): Status getting error. Reason: User is not connected
[31-May-2024 09:08:56 UTC] [Image Optimizer]: info in ImageOptimization\Modules\Oauth\Components\Connect::get_connect_status(): Status getting error. Reason: User is not connected
[31-May-2024 09:09:10 UTC] [Image Optimizer]: info in ImageOptimization\Modules\Oauth\Components\Connect::get_connect_status(): Status getting error. Reason: User is not connected
[31-May-2024 09:09:38 UTC] [Image Optimizer]: info in ImageOptimization\Modules\Oauth\Components\Connect::get_connect_status(): Status getting error. Reason: User is not connected
[31-May-2024 09:33:48 UTC] [Image Optimizer]: info in ImageOptimization\Modules\Oauth\Components\Connect::get_connect_status(): Status getting error. Reason: User is not connected
[01-Jun-2024 06:08:08 UTC] [Image Optimizer]: info in ImageOptimization\Modules\Oauth\Components\Connect::get_connect_status(): Status getting error. Reason: User is not connected
